[2022-08-05 13:56:50:950854] [32m[http-nio-8080-exec-1][0;39m [34mINFO [0;39m [1;37m[dev.yoon.gridgetest.domain.user.application.signup.UserJoinService.signUpUser:[33m60[0;39m][0;39m - [ìœ ì € íšŒì›ê°€ì…]/yoon/2022-08-05T13:56:50.722482100
[2022-08-05 14:03:12:23973] [32m[http-nio-8080-exec-3][0;39m [34mINFO [0;39m [1;37m[dev.yoon.gridgetest.domain.user.application.signup.UserJoinService.signUpUser:[33m57[0;39m][0;39m - [ìœ ì € íšŒì›ê°€ì…]/yoon/2022-08-05T14:03:12.016558
[2022-08-05 14:05:31:24568] [32m[http-nio-8080-exec-2][0;39m [34mINFO [0;39m [1;37m[dev.yoon.gridgetest.domain.user.application.signup.UserJoinService.signUpUser:[33m57[0;39m][0;39m - [ìœ ì € íšŒì›ê°€ì…]/yoon/2022-08-05T14:05:31.429794800
[2022-08-05 14:08:02:175583] [32m[http-nio-8080-exec-1][0;39m [34mINFO [0;39m [1;37m[dev.yoon.gridgetest.domain.user.application.login.UserLoginService.login:[33m50[0;39m][0;39m - [ìœ ì € ë¡œê·¸ì¸]/yoon/2022-08-05T14:08:02.444080
[2022-08-05 14:09:49:282887] [32m[http-nio-8080-exec-2][0;39m [34mINFO [0;39m [1;37m[dev.yoon.gridgetest.domain.user.application.login.UserLoginService.signUpOauth:[33m91[0;39m][0;39m - [ìœ ì € ì†Œì…œ íšŒì›ê°€ì…]/yoo/2022-08-05T14:09:49.748053
[2022-08-05 14:15:15:608512] [32m[http-nio-8080-exec-5][0;39m [34mINFO [0;39m [1;37m[dev.yoon.gridgetest.domain.user.application.info.UserInfoService.updatePassword:[33m70[0;39m][0;39m - [ìœ ì € ë¹„ë°€ë²ˆí˜¸ ë³€ê²½]/yoon/2022-08-05T14:15:15.373442600
[2022-08-05 14:15:19:612654] [32m[http-nio-8080-exec-8][0;39m [34mINFO [0;39m [1;37m[dev.yoon.gridgetest.domain.user.application.info.UserInfoService.updatePassword:[33m70[0;39m][0;39m - [ìœ ì € ë¹„ë°€ë²ˆí˜¸ ë³€ê²½]/yoon/2022-08-05T14:15:19.516768100
[2022-08-05 14:15:36:630043] [32m[http-nio-8080-exec-9][0;39m [34mINFO [0;39m [1;37m[dev.yoon.gridgetest.domain.user.application.info.UserInfoService.updatePassword:[33m70[0;39m][0;39m - [ìœ ì € ë¹„ë°€ë²ˆí˜¸ ë³€ê²½]/yoon/2022-08-05T14:15:36.905478200
[2022-08-05 14:15:51:644459] [32m[http-nio-8080-exec-1][0;39m [34mINFO [0;39m [1;37m[dev.yoon.gridgetest.domain.user.application.login.UserLoginService.login:[33m50[0;39m][0;39m - [ìœ ì € ë¡œê·¸ì¸]/yoon/2022-08-05T14:15:51.321882500
[2022-08-05 14:20:36:929148] [32m[http-nio-8080-exec-3][0;39m [34mINFO [0;39m [1;37m[dev.yoon.gridgetest.domain.user.application.login.UserLoginService.login:[33m50[0;39m][0;39m - [ìœ ì € ë¡œê·¸ì¸]/yoon/2022-08-05T14:20:36.010554700
[2022-08-05 14:20:46:939778] [32m[http-nio-8080-exec-4][0;39m [34mINFO [0;39m [1;37m[dev.yoon.gridgetest.domain.user.application.info.UserInfoService.updateUserInfo:[33m122[0;39m][0;39m - [ìœ ì € ì •ë³´ ë³€ê²½]/yoon/2022-08-05T14:20:46.639763100
[2022-08-05 14:21:00:953741] [32m[http-nio-8080-exec-5][0;39m [34mINFO [0;39m [1;37m[dev.yoon.gridgetest.domain.user.application.info.UserInfoService.updateUserInfo:[33m122[0;39m][0;39m - [ìœ ì € ì •ë³´ ë³€ê²½]/yoon/2022-08-05T14:21:00.603031100
[2022-08-05 14:21:23:976544] [32m[http-nio-8080-exec-8][0;39m [34mINFO [0;39m [1;37m[dev.yoon.gridgetest.domain.user.application.info.UserInfoService.updateUserInfo:[33m122[0;39m][0;39m - [ìœ ì € ì •ë³´ ë³€ê²½]/yoon/2022-08-05T14:21:23.406731200
[2022-08-05 14:22:08:1021635] [32m[http-nio-8080-exec-9][0;39m [34mINFO [0;39m [1;37m[dev.yoon.gridgetest.domain.user.application.info.UserInfoService.updateUserInfo:[33m122[0;39m][0;39m - [ìœ ì € ì •ë³´ ë³€ê²½]/yoon/2022-08-05T14:22:08.497847400
[2022-08-05 14:22:27:1040340] [32m[http-nio-8080-exec-6][0;39m [34mINFO [0;39m [1;37m[dev.yoon.gridgetest.domain.user.application.info.UserInfoService.updateUserInfo:[33m122[0;39m][0;39m - [ìœ ì € ì •ë³´ ë³€ê²½]/yoon2/2022-08-05T14:22:27.202260200
[2022-08-05 14:22:53:1066318] [32m[http-nio-8080-exec-6][0;39m [34mINFO [0;39m [1;37m[dev.yoon.gridgetest.domain.user.application.info.UserInfoService.updateUserInfo:[33m122[0;39m][0;39m - [ìœ ì € ì •ë³´ ë³€ê²½]/yoon2/2022-08-05T14:22:53.180555900
[2022-08-05 14:22:59:1072144] [32m[http-nio-8080-exec-7][0;39m [34mINFO [0;39m [1;37m[dev.yoon.gridgetest.domain.user.application.info.UserInfoService.updateUserInfo:[33m122[0;39m][0;39m - [ìœ ì € ì •ë³´ ë³€ê²½]/yoon23/2022-08-05T14:22:59.006185900
[2022-08-05 14:23:17:1090969] [32m[http-nio-8080-exec-10][0;39m [34mINFO [0;39m [1;37m[dev.yoon.gridgetest.domain.user.application.info.UserInfoService.updatePrivate:[33m132[0;39m][0;39m - [ìœ ì € ë¹„í™œì„±í™”]/yoon23/2022-08-05T14:23:17.830447700
[2022-08-05 14:23:41:1115036] [32m[http-nio-8080-exec-8][0;39m [34mINFO [0;39m [1;37m[dev.yoon.gridgetest.domain.user.application.info.UserInfoService.quitUser:[33m142[0;39m][0;39m - [ìœ ì € íƒˆí‡´]/yoon23/2022-08-05T14:23:41.898646100
[2022-08-05 14:32:33:1646662] [32m[http-nio-8080-exec-1][0;39m [34mINFO [0;39m [1;37m[dev.yoon.gridgetest.domain.user.application.login.UserLoginService.login:[33m50[0;39m][0;39m - [ìœ ì € ë¡œê·¸ì¸]/yoon23/2022-08-05T14:32:33.523500200
[2022-08-05 16:50:51:40506] [32m[http-nio-8080-exec-1][0;39m [34mINFO [0;39m [1;37m[dev.yoon.gridgetest.domain.user.application.signup.UserJoinService.signUpUser:[33m55[0;39m][0;39m - [ìœ ì € íšŒì›ê°€ì…]/yoon/2022-08-05T16:50:51.442945400
[2022-08-05 16:53:05:174999] [32m[http-nio-8080-exec-2][0;39m [34mINFO [0;39m [1;37m[dev.yoon.gridgetest.domain.user.application.info.UserInfoService.updateUserInfo:[33m127[0;39m][0;39m - [ìœ ì € ì •ë³´ ë³€ê²½]/yoon23/2022-08-05T16:53:05.936701600
[2022-08-05 16:53:21:190079] [32m[http-nio-8080-exec-1][0;39m [34mINFO [0;39m [1;37m[dev.yoon.gridgetest.domain.user.application.info.UserInfoService.updatePrivate:[33m137[0;39m][0;39m - [ìœ ì € ë¹„í™œì„±í™”]/yoon23/2022-08-05T16:53:21.016795500
[2022-08-05 16:53:53:222796] [32m[http-nio-8080-exec-3][0;39m [34mINFO [0;39m [1;37m[dev.yoon.gridgetest.domain.user.application.info.UserInfoService.quitUser:[33m147[0;39m][0;39m - [ìœ ì € íƒˆí‡´]/yoon23/2022-08-05T16:53:53.723870700
[2022-08-05 17:00:13:602826] [32m[http-nio-8080-exec-7][0;39m [34mINFO [0;39m [1;37m[dev.yoon.gridgetest.domain.user.application.login.UserLoginService.login:[33m50[0;39m][0;39m - [ìœ ì € ë¡œê·¸ì¸]/yoon23/2022-08-05T17:00:13.762873600
[2022-08-05 17:02:52:49142] [32m[http-nio-8080-exec-1][0;39m [34mINFO [0;39m [1;37m[dev.yoon.gridgetest.domain.user.application.signup.UserJoinService.signUpUser:[33m55[0;39m][0;39m - [ìœ ì € íšŒì›ê°€ì…]/yoon/2022-08-05T17:02:52.773741700
[2022-08-05 17:03:39:96196] [32m[http-nio-8080-exec-9][0;39m [34mINFO [0;39m [1;37m[dev.yoon.gridgetest.domain.user.application.signup.UserJoinService.signUpUser:[33m55[0;39m][0;39m - [ìœ ì € íšŒì›ê°€ì…]/yoo/2022-08-05T17:03:39.828443400
[2022-08-05 17:07:51:347686] [32m[http-nio-8080-exec-2][0;39m [34mINFO [0;39m [1;37m[dev.yoon.gridgetest.domain.user.application.login.UserLoginService.login:[33m50[0;39m][0;39m - [ìœ ì € ë¡œê·¸ì¸]/yoon/2022-08-05T17:07:51.316928400
[2022-08-05 17:09:52:468885] [32m[http-nio-8080-exec-7][0;39m [34mINFO [0;39m [1;37m[dev.yoon.gridgetest.domain.user.application.login.UserLoginService.login:[33m50[0;39m][0;39m - [ìœ ì € ë¡œê·¸ì¸]/yoo/2022-08-05T17:09:52.516596200
[2022-08-05 17:10:07:483645] [32m[http-nio-8080-exec-9][0;39m [34mINFO [0;39m [1;37m[dev.yoon.gridgetest.domain.user.application.info.UserInfoService.updatePrivate:[33m137[0;39m][0;39m - [ìœ ì € ë¹„í™œì„±í™”]/yoo/2022-08-05T17:10:07.275705400
[2022-08-05 18:14:40:54223] [32m[http-nio-8080-exec-2][0;39m [34mINFO [0;39m [1;37m[dev.yoon.gridgetest.domain.user.application.signup.UserJoinService.signUpUser:[33m55[0;39m][0;39m - [ìœ ì € íšŒì›ê°€ì…]/yoo/2022-08-05T18:14:40.690654700
[2022-08-05 18:15:01:74688] [32m[http-nio-8080-exec-3][0;39m [34mINFO [0;39m [1;37m[dev.yoon.gridgetest.domain.user.application.info.UserInfoService.quitUser:[33m147[0;39m][0;39m - [ìœ ì € íƒˆí‡´]/yoo/2022-08-05T18:15:01.156620200
[2022-08-05 18:15:15:89008] [32m[http-nio-8080-exec-4][0;39m [34mINFO [0;39m [1;37m[dev.yoon.gridgetest.domain.user.application.login.UserLoginService.login:[33m50[0;39m][0;39m - [ìœ ì € ë¡œê·¸ì¸]/yoo/2022-08-05T18:15:15.477679500
[2022-08-05 18:16:30:164328] [32m[http-nio-8080-exec-4][0;39m [34mINFO [0;39m [1;37m[dev.yoon.gridgetest.domain.user.application.signup.UserJoinService.signUpUser:[33m55[0;39m][0;39m - [ìœ ì € íšŒì›ê°€ì…]/yoon/2022-08-05T18:16:30.792131500
[2022-08-05 18:20:01:374832] [32m[http-nio-8080-exec-6][0;39m [34mINFO [0;39m [1;37m[dev.yoon.gridgetest.domain.user.application.info.UserInfoService.updatePrivate:[33m137[0;39m][0;39m - [ìœ ì € ë¹„í™œì„±í™”]/yoo/2022-08-05T18:20:01.254032600
[2022-08-05 18:24:40:653951] [32m[http-nio-8080-exec-7][0;39m [34mINFO [0;39m [1;37m[dev.yoon.gridgetest.domain.user.application.login.UserLoginService.signUpOauth:[33m91[0;39m][0;39m - [ìœ ì € ì†Œì…œ íšŒì›ê°€ì…]/yo/2022-08-05T18:24:40.419398800
[2022-08-05 18:30:25:999499] [32m[http-nio-8080-exec-3][0;39m [34mINFO [0;39m [1;37m[dev.yoon.gridgetest.domain.user.application.login.UserLoginService.login:[33m50[0;39m][0;39m - [ìœ ì € ë¡œê·¸ì¸]/yoo/2022-08-05T18:30:25.968716600
[2022-08-05 18:36:41:45925] [32m[http-nio-8080-exec-2][0;39m [34mINFO [0;39m [1;37m[dev.yoon.gridgetest.domain.user.application.signup.UserJoinService.signUpUser:[33m55[0;39m][0;39m - [ìœ ì € íšŒì›ê°€ì…]/yoon/2022-08-05T18:36:41.033316500
[2022-08-05 18:37:56:121382] [32m[http-nio-8080-exec-1][0;39m [34mINFO [0;39m [1;37m[dev.yoon.gridgetest.domain.user.application.signup.UserJoinService.signUpUser:[33m55[0;39m][0;39m - [ìœ ì € íšŒì›ê°€ì…]/yon/2022-08-05T18:37:56.491748600
